make.exe all -f c:\Users\flavi\Documents\Aeds - Prática\labirinto\${workspace} --print-data-base --no-builtin-variables --no-builtin-rules --question
make: c:\Users\flavi\Documents\Aeds - Prática\labirinto\${workspace}: No such file or directory
make: *** No rule to make target 'c:\Users\flavi\Documents\Aeds - Prática\labirinto\${workspace}'.  Stop.

# GNU Make 4.4.1
# Built for x86_64-pc-cygwin
# Copyright (C) 1988-2023 Free Software Foundation, Inc.
# License GPLv3+: GNU GPL version 3 or later <https://gnu.org/licenses/gpl.html>
# This is free software: you are free to change and redistribute it.
# There is NO WARRANTY, to the extent permitted by law.
 

# Make data base, printed on Fri Sep 20 13:32:06 2024
 

# Variables

# environment
__NEXT_PRIVATE_RUNTIME_TYPE = 
# environment
SYSTEMDRIVE = C:
# environment
JAVA_HOME = C:\Program Files\Java\jdk-21\bin
# environment
LC_ALL = C
# environment
USERPROFILE = C:\Users\flavi
# environment
LOCALAPPDATA = C:\Users\flavi\AppData\Local
# environment
WSLENV = WT_SESSION:WT_PROFILE_ID:
# environment
VSCODE_CRASH_REPORTER_PROCESS_TYPE = extensionHost
# environment
VSCODE_CWD = C:\Users\flavi\Documents\Aeds - Prática\labirinto
# environment
SYSTEMROOT = C:\WINDOWS
# environment
PROCESSOR_LEVEL = 23
# environment
PSMODULEPATH = C:\Users\flavi\OneDrive - 4krnhf\Documentos\WindowsPowerShell\Modules;C:\Program Files\WindowsPowerShell\Modules;C:\WINDOWS\system32\WindowsPowerShell\v1.0\Modules
# default
MAKE_COMMAND := make
# automatic
@D = $(patsubst %/,%,$(dir $@))
# environment
CHROME_CRASHPAD_PIPE_NAME = \\.\pipe\crashpad_12600_CSXTADLUXXPQMXOU
# environment
ONEDRIVECOMMERCIAL = C:\Users\flavi\OneDrive - 4krnhf
# environment
NODE_ENV = production
# environment
VSCODE_HANDLES_UNCAUGHT_ERRORS = true
# default
.VARIABLES := 
# automatic
%D = $(patsubst %/,%,$(dir $%))
# automatic
^D = $(patsubst %/,%,$(dir $^))
# automatic
%F = $(notdir $%)
# environment
VSCODE_CODE_CACHE_PATH = C:\Users\flavi\AppData\Roaming\Code\CachedData\38c31bc77e0dd6ae88a4e9cc93428cc27a56ba40
# environment
LANG = C
# default
.LOADED := 
# environment
TMP = /cygdrive/c/Users/flavi/AppData/Local/Temp
# default
.INCLUDE_DIRS := /usr/include
# makefile
MAKEFLAGS = prR
# environment
ONEDRIVE = C:\Users\flavi\OneDrive - 4krnhf
# makefile
CURDIR := /cygdrive/c/Users/flavi/Documents/Aeds - Prática/labirinto
# environment
APPLICATION_INSIGHTS_NO_DIAGNOSTIC_CHANNEL = 1
# environment
VSCODE_L10N_BUNDLE_LOCATION = file:///c%3A/Users/flavi/.vscode/extensions/ms-ceintl.vscode-language-pack-pt-br-1.93.2024091109/translations/extensions/vscode.json-language-features.i18n.json
# automatic
*D = $(patsubst %/,%,$(dir $*))
# environment
PORT = 54112
# environment
PROGRAMFILES = C:\Program Files
# environment
MFLAGS = -prR
# default
.SHELLFLAGS := -c
# environment
!C: = c:\Users\flavi\Documents\Aeds - Prática\labirinto
# environment
COMMONPROGRAMW6432 = C:\Program Files\Common Files
# automatic
+D = $(patsubst %/,%,$(dir $+))
# makefile
MAKEFILE_LIST := 
# automatic
@F = $(notdir $@)
# environment
VSCODE_PID = 12600
# automatic
?D = $(patsubst %/,%,$(dir $?))
# environment
NEXT_DEPLOYMENT_ID = 
# environment
WT_PROFILE_ID = {61c54bbd-c2c6-5271-96e7-009a87ff44bf}
# automatic
*F = $(notdir $*)
# automatic
<D = $(patsubst %/,%,$(dir $<))
# environment
VSCODE_NLS_CONFIG = {"userLocale":"pt-br","osLocale":"pt-br","resolvedLanguage":"pt-br","defaultMessagesFile":"C:\\Users\\flavi\\AppData\\Local\\Programs\\Microsoft VS Code\\resources\\app\\out\\nls.messages.json","languagePack":{"translationsConfigFile":"C:\\Users\\flavi\\AppData\\Roaming\\Code\\clp\\75963df59864247ecfa9be810fa1dc8e.pt-br\\tcf.json","messagesFile":"C:\\Users\\flavi\\AppData\\Roaming\\Code\\clp\\75963df59864247ecfa9be810fa1dc8e.pt-br\\38c31bc77e0dd6ae88a4e9cc93428cc27a56ba40\\nls.messages.json","corruptMarkerFile":"C:\\Users\\flavi\\AppData\\Roaming\\Code\\clp\\75963df59864247ecfa9be810fa1dc8e.pt-br\\corrupted.info"},"locale":"pt-br","availableLanguages":{"*":"pt-br"},"_languagePackId":"75963df59864247ecfa9be810fa1dc8e.pt-br","_languagePackSupport":true,"_translationsConfigFile":"C:\\Users\\flavi\\AppData\\Roaming\\Code\\clp\\75963df59864247ecfa9be810fa1dc8e.pt-br\\tcf.json","_cacheRoot":"C:\\Users\\flavi\\AppData\\Roaming\\Code\\clp\\75963df59864247ecfa9be810fa1dc8e.pt-br","_resolvedLanguagePackCoreLocation":"C:\\Users\\flavi\\AppData\\Roaming\\Code\\clp\\75963df59864247ecfa9be810fa1dc8e.pt-br\\38c31bc77e0dd6ae88a4e9cc93428cc27a56ba40","_corruptedFile":"C:\\Users\\flavi\\AppData\\Roaming\\Code\\clp\\75963df59864247ecfa9be810fa1dc8e.pt-br\\corrupted.info"}
# environment
ONEDRIVECONSUMER = C:\Users\flavi\OneDrive
# default
 
MAKE_HOST := x86_64-pc-cygwin
# environment
PROGRAMDATA = C:\ProgramData
# default
SHELL := /bin/sh
# environment
HOMEPATH = \Users\flavi
# default
MAKECMDGOALS := all
# environment
DRIVERDATA = C:\Windows\System32\Drivers\DriverData
# environment
COMSPEC = C:\WINDOWS\system32\cmd.exe
# environment
__NEXT_OPTIMIZE_FONTS = true
# environment
WINDIR = C:\WINDOWS
# environment
MAKELEVEL := 0
# default
MAKE = $(MAKE_COMMAND)
# environment
PATH = /cygdrive/c/Program Files/Common Files/Oracle/Java/javapath:/cygdrive/c/WINDOWS/system32:/cygdrive/c/WINDOWS:/cygdrive/c/WINDOWS/System32/Wbem:/cygdrive/c/WINDOWS/System32/WindowsPowerShell/v1.0:/cygdrive/c/WINDOWS/System32/OpenSSH:/cygdrive/c/msys64/ucrt64/bin:/cygdrive/c/Program Files/Git/cmd:/cygdrive/c/MinGW/bin:/usr/bin:/cygdrive/c/Program Files/NVIDIA Corporation/NVIDIA app/NvDLISR:/cygdrive/c/Program Files (x86)/NVIDIA Corporation/PhysX/Common:/cygdrive/c/Users/flavi/AppData/Local/Microsoft/WindowsApps:/cygdrive/c/Program Files/JetBrains/IntelliJ IDEA 2024.2.0.1/bin:/cygdrive/c/Users/flavi/AppData/Local/Programs/Microsoft VS Code/bin
# environment
COMPUTERNAME = FLAVIAMARCELLA
# default
MAKEFILES := 
# automatic
^F = $(notdir $^)
# environment
PROMPT = $P$G
# environment
INTELLIJ IDEA = C:\Program Files\JetBrains\IntelliJ IDEA 2024.2.0.1\bin;
# environment
WT_SESSION = 1632c3cd-3cbe-4d08-aa6f-883406cff6ee
# environment
LOGONSERVER = \\FLAVIAMARCELLA
# environment
USERNAME = flavi
# environment
COMMONPROGRAMFILES = C:\Program Files\Common Files
# automatic
?F = $(notdir $?)
# environment
PROGRAMW6432 = C:\Program Files
# environment
PATHEXT = .COM;.EXE;.BAT;.CMD;.VBS;.VBE;.JS;.JSE;.WSF;.WSH;.MSC;.CPL
# automatic
+F = $(notdir $+)
# environment
ORIGINAL_XDG_CURRENT_DESKTOP = undefined
# environment
USERDOMAIN = FLAVIAMARCELLA
# environment
__NEXT_PRIVATE_ORIGIN = http://localhost:54112
# 'override' directive
GNUMAKEFLAGS := 
# environment
OS = Windows_NT
# makefile
.DEFAULT_GOAL := 
# default
MAKE_VERSION := 4.4.1
# environment
PROGRAMFILES(X86) = C:\Program Files (x86)
# environment
USERDOMAIN_ROAMINGPROFILE = FLAVIAMARCELLA
# environment
NUMBER_OF_PROCESSORS = 8
# environment
PUBLIC = C:\Users\Public
# environment
APPDATA = C:\Users\flavi\AppData\Roaming
# environment
HOMEDRIVE = C:
# environment
__NEXT_PRIVATE_STANDALONE_CONFIG = {"env":{},"webpack":null,"eslint":{"ignoreDuringBuilds":false},"typescript":{"ignoreBuildErrors":false,"tsconfigPath":"tsconfig.json"},"distDir":"./.next","cleanDistDir":true,"assetPrefix":"","configOrigin":"next.config.js","useFileSystemPublicRoutes":true,"generateEtags":true,"pageExtensions":["tsx","ts","jsx","js"],"poweredByHeader":true,"compress":true,"analyticsId":"","images":{"deviceSizes":[640,750,828,1080,1200,1920,2048,3840],"imageSizes":[16,32,48,64,96,128,256,384],"path":"/_next/image","loader":"default","loaderFile":"","domains":[],"disableStaticImages":false,"minimumCacheTTL":60,"formats":["image/webp"],"dangerouslyAllowSVG":false,"contentSecurityPolicy":"script-src 'none'; frame-src 'none'; sandbox;","contentDispositionType":"inline","remotePatterns":[],"unoptimized":false},"devIndicators":{"buildActivity":true,"buildActivityPosition":"bottom-right"},"onDemandEntries":{"maxInactiveAge":60000,"pagesBufferLength":5},"amp":{"canonicalBase":""},"basePath":"","sassOptions":{},"trailingSlash":false,"i18n":null,"productionBrowserSourceMaps":false,"optimizeFonts":true,"excludeDefaultMomentLocales":true,"serverRuntimeConfig":{},"publicRuntimeConfig":{},"reactProductionProfiling":false,"reactStrictMode":null,"httpAgentOptions":{"keepAlive":true},"outputFileTracing":true,"staticPageGenerationTimeout":60,"swcMinify":true,"output":"standalone","modularizeImports":{"@mui/icons-material":{"transform":"@mui/icons-material/{{member}}"},"date-fns":{"transform":"date-fns/{{member}}"},"lodash":{"transform":"lodash/{{member}}"},"lodash-es":{"transform":"lodash-es/{{member}}"},"ramda":{"transform":"ramda/es/{{member}}"},"react-bootstrap":{"transform":{"useAccordionButton":"modularize-import-loader?name=useAccordionButton&from=named&as=default!react-bootstrap/AccordionButton","*":"react-bootstrap/{{member}}"}},"antd":{"transform":"antd/lib/{{kebabCase member}}"},"ahooks":{"transform":{"createUpdateEffect":"modularize-import-loader?name=createUpdateEffect&from=named&as=default!ahooks/es/createUpdateEffect","*":"ahooks/es/{{member}}"}},"@ant-design/icons":{"transform":{"IconProvider":"modularize-import-loader?name=IconProvider&from=named&as=default!@ant-design/icons","createFromIconfontCN":"@ant-design/icons/es/components/IconFont","getTwoToneColor":"modularize-import-loader?name=getTwoToneColor&from=named&as=default!@ant-design/icons/es/components/twoTonePrimaryColor","setTwoToneColor":"modularize-import-loader?name=setTwoToneColor&from=named&as=default!@ant-design/icons/es/components/twoTonePrimaryColor","*":"@ant-design/icons/lib/icons/{{member}}"}},"next/server":{"transform":"next/dist/server/web/exports/{{ kebabCase member }}"}},"experimental":{"serverMinification":true,"serverSourceMaps":false,"caseSensitiveRoutes":false,"useDeploymentId":false,"useDeploymentIdServerActions":false,"clientRouterFilter":true,"clientRouterFilterRedirects":false,"fetchCacheKeyPrefix":"","middlewarePrefetch":"flexible","optimisticClientCache":true,"manualClientBasePath":false,"cpus":9,"memoryBasedWorkersCount":false,"isrFlushToDisk":true,"workerThreads":false,"optimizeCss":false,"nextScriptWorkers":false,"scrollRestoration":false,"externalDir":false,"disableOptimizedLoading":false,"gzipSize":true,"craCompat":false,"esmExternals":true,"isrMemoryCacheSize":52428800,"fullySpecified":false,"outputFileTracingRoot":"/Users/maol/WebstormProjects/Trabajo/codegpt-nextjs","swcTraceProfiling":false,"forceSwcTransforms":false,"largePageDataBytes":128000,"adjustFontFallbacks":false,"adjustFontFallbacksWithSizeAdjust":false,"typedRoutes":false,"instrumentationHook":false,"bundlePagesExternals":false,"optimizePackageImports":["lucide-react","@headlessui/react","@headlessui-float/react","@heroicons/react/20/solid","@heroicons/react/24/solid","@heroicons/react/24/outline","@visx/visx","@tremor/react","rxjs","@mui/material","@mui/icons-material","recharts","react-use","@material-ui/core","@material-ui/icons","@tabler/icons-react","mui-core","react-icons/ai","react-icons/bi","react-icons/bs","react-icons/cg","react-icons/ci","react-icons/di","react-icons/fa","react-icons/fa6","react-icons/fc","react-icons/fi","react-icons/gi","react-icons/go","react-icons/gr","react-icons/hi","react-icons/hi2","react-icons/im","react-icons/io","react-icons/io5","react-icons/lia","react-icons/lib","react-icons/lu","react-icons/md","react-icons/pi","react-icons/ri","react-icons/rx","react-icons/si","react-icons/sl","react-icons/tb","react-icons/tfi","react-icons/ti","react-icons/vsc","react-icons/wi"],"trustHostHeader":false,"isExperimentalCompile":false},"configFileName":"next.config.js"}
# environment
PROCESSOR_ARCHITECTURE = AMD64
# environment
VSCODE_AMD_ENTRYPOINT = vs/workbench/api/node/extensionHostProcess
# environment
HOME = /home/flavi
# environment
COMMONPROGRAMFILES(X86) = C:\Program Files (x86)\Common Files
# environment
ELECTRON_RUN_AS_NODE = 1
# environment
TEMP = /cygdrive/c/Users/flavi/AppData/Local/Temp
# environment
VSCODE_IPC_HOOK = \\.\pipe\55369906-1.93.1-main-sock
# environment
TERM = xterm-256color
# default
.RECIPEPREFIX := 
# automatic
<F = $(notdir $<)
# default
SUFFIXES := 
# environment
ALLUSERSPROFILE = C:\ProgramData
# environment
SESSIONNAME = Console
 
# environment
VSCODE_CLI = 1
# environment
ELECTRON_NO_ATTACH_CONSOLE = 1
# default
.FEATURES := target-specific order-only second-expansion else-if shortest-stem undefine oneshell nocomment grouped-target extra-prereqs notintermediate shell-export archives jobserver output-sync check-symlink guile load dospaths
# environment
PROCESSOR_REVISION = 1801
# environment
PROCESSOR_IDENTIFIER = AMD64 Family 23 Model 24 Stepping 1, AuthenticAMD
# variable set hash-table stats:
# Load=107/1024=10%, Rehash=0, Collisions=17/127=13%

# Pattern-specific Variable Values

# No pattern-specific variable values.

# Directories


# No files, no impossibilities in 0 directories.

# Implicit Rules

# No implicit rules.

# Files

# Not a target:
.DEFAULT:
#  Implicit rule search has not been done.
#  Modification time never checked.
#  File has not been updated.

# Not a target:
all:
#  Command line target.
#  Implicit rule search has not been done.
#  Modification time never checked.
#  File has not been updated.

# Not a target:
c:\Users\flavi\Documents\Aeds - Prática\labirinto\${workspace}:
#  Implicit rule search has been done.
#  File does not exist.
#  File has not been updated.
 

# files hash-table stats:
# Load=4/1024=0%, Rehash=0, Collisions=0/15=0%
# VPATH Search Paths

# No 'vpath' search paths.

# No general ('VPATH' variable) search path.

# strcache buffers: 1 (0) / strings = 6 / storage = 106 B / avg = 17 B
# current buf: size = 8162 B / used = 106 B / count = 6 / avg = 17 B

# strcache performance: lookups = 8 / hit rate = 25%
# hash-table stats:
# Load=6/8192=0%, Rehash=0, Collisions=0/8=0%
# Finished Make data base on Fri Sep 20 13:32:06 2024

 
